<?xml version="1.0" encoding="UTF-8"?>
<!-- Generated by org.testng.reporters.JUnitReportReporter -->
<testsuite hostname="DESKTOP-OTCK14J" failures="0" tests="8" name="TestClass.testclass1" time="0.103" errors="0" timestamp="2022-07-15T14:00:08 IST" skipped="0">
  <testcase classname="TestClass.testclass1" name="test4" time="0.006"/>
  <system-out/>
  <testcase classname="TestClass.testclass1" name="test2" time="0.003"/>
  <system-out/>
  <testcase classname="TestClass.testclass1" name="test2" time="0.006"/>
  <system-out/>
  <testcase classname="TestClass.testclass1" name="test4" time="0.004"/>
  <system-out/>
  <testcase classname="TestClass.testclass1" name="test3" time="0.028"/>
  <system-out/>
  <testcase classname="TestClass.testclass1" name="test1" time="0.045"/>
  <system-out/>
  <testcase classname="TestClass.testclass1" name="test3" time="0.004"/>
  <system-out/>
  <testcase classname="TestClass.testclass1" name="test1" time="0.007"/>
  <system-out/>
</testsuite> <!-- TestClass.testclass1 -->
